<?xml version="1.0" encoding="UTF-8"?>
<!-- Generated by org.testng.reporters.JUnitReportReporter -->
<testsuite hostname="LAPTOP-QHM9BDJJ" failures="0" tests="17" name="Test_Cases.Github_Project" time="21.852" errors="0" timestamp="2023-05-15T17:23:50 IST" skipped="1">
  <testcase classname="Test_Cases.Github_Project" name="createRepo" time="4.910"/>
  <system-out/>
  <testcase classname="Test_Cases.Github_Project" name="getRepo" time="0.844"/>
  <system-out/>
  <testcase classname="Test_Cases.Github_Project" name="updateRepo" time="1.033"/>
  <system-out/>
  <testcase classname="Test_Cases.Github_Project" name="ListRepo" time="1.538"/>
  <system-out/>
  <testcase classname="Test_Cases.Github_Project" name="ListRepoLanguage" time="0.787"/>
  <system-out/>
  <testcase classname="Test_Cases.Github_Project" name="ListpublicRepo" time="1.881"/>
  <system-out/>
  <testcase classname="Test_Cases.Github_Project" name="ListRepoTags" time="0.721"/>
  <system-out/>
  <testcase classname="Test_Cases.Github_Project" name="createAutolinks" time="0.897"/>
  <system-out/>
  <testcase classname="Test_Cases.Github_Project" name="getanAutolinks" time="1.728"/>
  <system-out/>
  <testcase classname="Test_Cases.Github_Project" name="deleteanAutolinks" time="0.744"/>
  <system-out/>
  <testcase classname="Test_Cases.Github_Project" name="getAllrepoTopics" time="0.772"/>
  <system-out/>
  <testcase classname="Test_Cases.Github_Project" name="createFile" time="0.933"/>
  <system-out/>
  <testcase classname="Test_Cases.Github_Project" name="createfork" time="1.930"/>
  <system-out/>
  <testcase classname="Test_Cases.Github_Project" name="getforklist" time="1.011"/>
  <system-out/>
  <testcase classname="Test_Cases.Github_Project" name="deleteFile" time="1.189"/>
  <system-out/>
  <testcase classname="Test_Cases.Github_Project" name="deleteRepo" time="0.934"/>
  <system-out/>
  <testcase classname="Test_Cases.Github_Project" name="replaceAllrepoTopics">
    <skipped/>
  </testcase> <!-- replaceAllrepoTopics -->
  <system-out/>
</testsuite> <!-- Test_Cases.Github_Project -->
