<?xml version="1.0" encoding="UTF-8"?>
<!-- Generated by org.testng.reporters.JUnitReportReporter -->
<testsuite hostname="LAPTOP-QHM9BDJJ" failures="0" tests="17" name="Test_Cases.Github_Project" time="5.495" errors="0" timestamp="2023-05-16T09:53:45 IST" skipped="15">
  <testcase classname="Test_Cases.Github_Project" name="ListRepo" time="4.430"/>
  <system-out/>
  <testcase classname="Test_Cases.Github_Project" name="ListpublicRepo" time="1.065"/>
  <system-out/>
  <testcase classname="Test_Cases.Github_Project" name="createFile">
    <skipped/>
  </testcase> <!-- createFile -->
  <system-out/>
  <testcase classname="Test_Cases.Github_Project" name="deleteRepo">
    <skipped/>
  </testcase> <!-- deleteRepo -->
  <system-out/>
  <testcase classname="Test_Cases.Github_Project" name="createRepo">
    <skipped/>
  </testcase> <!-- createRepo -->
  <system-out/>
  <testcase classname="Test_Cases.Github_Project" name="createfork">
    <skipped/>
  </testcase> <!-- createfork -->
  <system-out/>
  <testcase classname="Test_Cases.Github_Project" name="ListRepoLanguage">
    <skipped/>
  </testcase> <!-- ListRepoLanguage -->
  <system-out/>
  <testcase classname="Test_Cases.Github_Project" name="deleteFile">
    <skipped/>
  </testcase> <!-- deleteFile -->
  <system-out/>
  <testcase classname="Test_Cases.Github_Project" name="getforklist">
    <skipped/>
  </testcase> <!-- getforklist -->
  <system-out/>
  <testcase classname="Test_Cases.Github_Project" name="updateRepo">
    <skipped/>
  </testcase> <!-- updateRepo -->
  <system-out/>
  <testcase classname="Test_Cases.Github_Project" name="getanAutolinks">
    <skipped/>
  </testcase> <!-- getanAutolinks -->
  <system-out/>
  <testcase classname="Test_Cases.Github_Project" name="createAutolinks">
    <skipped/>
  </testcase> <!-- createAutolinks -->
  <system-out/>
  <testcase classname="Test_Cases.Github_Project" name="getRepo">
    <skipped/>
  </testcase> <!-- getRepo -->
  <system-out/>
  <testcase classname="Test_Cases.Github_Project" name="ListRepoTags">
    <skipped/>
  </testcase> <!-- ListRepoTags -->
  <system-out/>
  <testcase classname="Test_Cases.Github_Project" name="getAllrepoTopics">
    <skipped/>
  </testcase> <!-- getAllrepoTopics -->
  <system-out/>
  <testcase classname="Test_Cases.Github_Project" name="deleteanAutolinks">
    <skipped/>
  </testcase> <!-- deleteanAutolinks -->
  <system-out/>
  <testcase classname="Test_Cases.Github_Project" name="replaceAllrepoTopics">
    <skipped/>
  </testcase> <!-- replaceAllrepoTopics -->
  <system-out/>
</testsuite> <!-- Test_Cases.Github_Project -->
